This is pdfTeX, Version 3.141592653-2.6-1.40.24 (MiKTeX 23.1) (preloaded format=pdflatex 2023.3.14)  2 AUG 2024 01:20
entering extended mode
 restricted \write18 enabled.
 %&-line parsing enabled.
**./main.tex
(main.tex
LaTeX2e <2022-11-01> patch level 1
L3 programming layer <2023-02-07>
(C:\Users\samue\AppData\Local\Programs\MiKTeX\tex/latex/base\book.cls
Document Class: book 2022/07/02 v1.4n Standard LaTeX document class
(C:\Users\samue\AppData\Local\Programs\MiKTeX\tex/latex/base\bk12.clo
File: bk12.clo 2022/07/02 v1.4n Standard LaTeX file (size option)
)
\c@part=\count185
\c@chapter=\count186
\c@section=\count187
\c@subsection=\count188
\c@subsubsection=\count189
\c@paragraph=\count190
\c@subparagraph=\count191
\c@figure=\count192
\c@table=\count193
\abovecaptionskip=\skip48
\belowcaptionskip=\skip49
\bibindent=\dimen140
)
(C:\Users\samue\AppData\Local\Programs\MiKTeX\tex/latex/base\fontenc.sty
Package: fontenc 2021/04/29 v2.0v Standard LaTeX package

(C:\Users\samue\AppData\Local\Programs\MiKTeX\tex/cslatex/base\il2enc.def
File: il2enc.def 1997/08/20 CSLaTeX
Now handling font encoding IL2 ...
... no UTF-8 mapping file for font encoding IL2
)
LaTeX Font Info:    Trying to load font information for IL2+cmr on input line 1
12.

(C:\Users\samue\AppData\Local\Programs\MiKTeX\tex/cslatex/base\il2cmr.fd
File: il2cmr.fd 1997/02/06 CSLaTeX font definitions
))
(C:\Users\samue\AppData\Local\Programs\MiKTeX\tex/latex/base\inputenc.sty
Package: inputenc 2021/02/14 v1.3d Input encoding file
\inpenc@prehook=\toks16
\inpenc@posthook=\toks17
)
(C:\Users\samue\AppData\Local\Programs\MiKTeX\tex/latex/biblatex\biblatex.sty
Package: biblatex 2022/07/12 v3.18b programmable bibliographies (PK/MW)

(C:\Users\samue\AppData\Local\Programs\MiKTeX\tex/generic/pdftexcmds\pdftexcmds
.sty
Package: pdftexcmds 2020-06-27 v0.33 Utility functions of pdfTeX for LuaTeX (HO
)

(C:\Users\samue\AppData\Local\Programs\MiKTeX\tex/generic/infwarerr\infwarerr.s
ty
Package: infwarerr 2019/12/03 v1.5 Providing info/warning/error messages (HO)
) (C:\Users\samue\AppData\Local\Programs\MiKTeX\tex/generic/iftex\iftex.sty
Package: iftex 2022/02/03 v1.0f TeX engine tests
)
(C:\Users\samue\AppData\Local\Programs\MiKTeX\tex/generic/ltxcmds\ltxcmds.sty
Package: ltxcmds 2020-05-10 v1.25 LaTeX kernel commands for general use (HO)
)
Package pdftexcmds Info: \pdf@primitive is available.
Package pdftexcmds Info: \pdf@ifprimitive is available.
Package pdftexcmds Info: \pdfdraftmode found.
) (C:\Users\samue\AppData\Local\Programs\MiKTeX\tex/latex/etoolbox\etoolbox.sty
Package: etoolbox 2020/10/05 v2.5k e-TeX tools for LaTeX (JAW)
\etb@tempcnta=\count194
) (C:\Users\samue\AppData\Local\Programs\MiKTeX\tex/latex/graphics\keyval.sty
Package: keyval 2022/05/29 v1.15 key=value parser (DPC)
\KV@toks@=\toks18
)
(C:\Users\samue\AppData\Local\Programs\MiKTeX\tex/latex/kvoptions\kvoptions.sty
Package: kvoptions 2022-06-15 v3.15 Key value format for package options (HO)

(C:\Users\samue\AppData\Local\Programs\MiKTeX\tex/latex/kvsetkeys\kvsetkeys.sty
Package: kvsetkeys 2022-10-05 v1.19 Key value parser (HO)
)) (C:\Users\samue\AppData\Local\Programs\MiKTeX\tex/latex/logreq\logreq.sty
Package: logreq 2010/08/04 v1.0 xml request logger
\lrq@indent=\count195

(C:\Users\samue\AppData\Local\Programs\MiKTeX\tex/latex/logreq\logreq.def
File: logreq.def 2010/08/04 v1.0 logreq spec v1.0
))
(C:\Users\samue\AppData\Local\Programs\MiKTeX\tex/latex/base\ifthen.sty
Package: ifthen 2022/04/13 v1.1d Standard LaTeX ifthen package (DPC)
)
(C:\Users\samue\AppData\Local\Programs\MiKTeX\tex/latex/url\url.sty
\Urlmuskip=\muskip16
Package: url 2013/09/16  ver 3.4  Verb mode for urls, etc.
)
\c@tabx@nest=\count196
\c@listtotal=\count197
\c@listcount=\count198
\c@liststart=\count199
\c@liststop=\count266
\c@citecount=\count267
\c@citetotal=\count268
\c@multicitecount=\count269
\c@multicitetotal=\count270
\c@instcount=\count271
\c@maxnames=\count272
\c@minnames=\count273
\c@maxitems=\count274
\c@minitems=\count275
\c@citecounter=\count276
\c@maxcitecounter=\count277
\c@savedcitecounter=\count278
\c@uniquelist=\count279
\c@uniquename=\count280
\c@refsection=\count281
\c@refsegment=\count282
\c@maxextratitle=\count283
\c@maxextratitleyear=\count284
\c@maxextraname=\count285
\c@maxextradate=\count286
\c@maxextraalpha=\count287
\c@abbrvpenalty=\count288
\c@highnamepenalty=\count289
\c@lownamepenalty=\count290
\c@maxparens=\count291
\c@parenlevel=\count292
\blx@tempcnta=\count293
\blx@tempcntb=\count294
\blx@tempcntc=\count295
\c@blx@maxsection=\count296
\blx@maxsegment@0=\count297
\blx@notetype=\count298
\blx@parenlevel@text=\count299
\blx@parenlevel@foot=\count300
\blx@sectionciteorder@0=\count301
\blx@sectionciteorderinternal@0=\count302
\blx@entrysetcounter=\count303
\blx@biblioinstance=\count304
\labelnumberwidth=\skip50
\labelalphawidth=\skip51
\biblabelsep=\skip52
\bibitemsep=\skip53
\bibnamesep=\skip54
\bibinitsep=\skip55
\bibparsep=\skip56
\bibhang=\skip57
\blx@bcfin=\read2
\blx@bcfout=\write3
\blx@langwohyphens=\language79
\c@mincomprange=\count305
\c@maxcomprange=\count306
\c@mincompwidth=\count307
Package biblatex Info: Trying to load biblatex default data model...
Package biblatex Info: ... file 'blx-dm.def' found.

(C:\Users\samue\AppData\Local\Programs\MiKTeX\tex/latex/biblatex\blx-dm.def
File: blx-dm.def 2022/07/12 v3.18b biblatex localization (PK/MW)
)
Package biblatex Info: Trying to load biblatex style data model...
Package biblatex Info: ... file 'ieee.dbx' not found.
Package biblatex Info: Trying to load biblatex custom data model...
Package biblatex Info: ... file 'biblatex-dm.cfg' not found.
\c@afterword=\count308
\c@savedafterword=\count309
\c@annotator=\count310
\c@savedannotator=\count311
\c@author=\count312
\c@savedauthor=\count313
\c@bookauthor=\count314
\c@savedbookauthor=\count315
\c@commentator=\count316
\c@savedcommentator=\count317
\c@editor=\count318
\c@savededitor=\count319
\c@editora=\count320
\c@savededitora=\count321
\c@editorb=\count322
\c@savededitorb=\count323
\c@editorc=\count324
\c@savededitorc=\count325
\c@foreword=\count326
\c@savedforeword=\count327
\c@holder=\count328
\c@savedholder=\count329
\c@introduction=\count330
\c@savedintroduction=\count331
\c@namea=\count332
\c@savednamea=\count333
\c@nameb=\count334
\c@savednameb=\count335
\c@namec=\count336
\c@savednamec=\count337
\c@translator=\count338
\c@savedtranslator=\count339
\c@shortauthor=\count340
\c@savedshortauthor=\count341
\c@shorteditor=\count342
\c@savedshorteditor=\count343
\c@labelname=\count344
\c@savedlabelname=\count345
\c@institution=\count346
\c@savedinstitution=\count347
\c@lista=\count348
\c@savedlista=\count349
\c@listb=\count350
\c@savedlistb=\count351
\c@listc=\count352
\c@savedlistc=\count353
\c@listd=\count354
\c@savedlistd=\count355
\c@liste=\count356
\c@savedliste=\count357
\c@listf=\count358
\c@savedlistf=\count359
\c@location=\count360
\c@savedlocation=\count361
\c@organization=\count362
\c@savedorganization=\count363
\c@origlocation=\count364
\c@savedoriglocation=\count365
\c@origpublisher=\count366
\c@savedorigpublisher=\count367
\c@publisher=\count368
\c@savedpublisher=\count369
\c@language=\count370
\c@savedlanguage=\count371
\c@origlanguage=\count372
\c@savedoriglanguage=\count373
\c@pageref=\count374
\c@savedpageref=\count375
\shorthandwidth=\skip58
\shortjournalwidth=\skip59
\shortserieswidth=\skip60
\shorttitlewidth=\skip61
\shortauthorwidth=\skip62
\shorteditorwidth=\skip63
\locallabelnumberwidth=\skip64
\locallabelalphawidth=\skip65
\localshorthandwidth=\skip66
\localshortjournalwidth=\skip67
\localshortserieswidth=\skip68
\localshorttitlewidth=\skip69
\localshortauthorwidth=\skip70
\localshorteditorwidth=\skip71
Package biblatex Info: Trying to load compatibility code...
Package biblatex Info: ... file 'blx-compat.def' found.

(C:\Users\samue\AppData\Local\Programs\MiKTeX\tex/latex/biblatex\blx-compat.def
File: blx-compat.def 2022/07/12 v3.18b biblatex compatibility (PK/MW)
)
Package biblatex Info: Trying to load generic definitions...
Package biblatex Info: ... file 'biblatex.def' found.
 (C:\Users\samue\AppData\Local\Programs\MiKTeX\tex/latex/biblatex\biblatex.def
File: biblatex.def 2022/07/12 v3.18b biblatex compatibility (PK/MW)
\c@textcitecount=\count376
\c@textcitetotal=\count377
\c@textcitemaxnames=\count378
\c@biburlbigbreakpenalty=\count379
\c@biburlbreakpenalty=\count380
\c@biburlnumpenalty=\count381
\c@biburlucpenalty=\count382
\c@biburllcpenalty=\count383
\biburlbigskip=\muskip17
\biburlnumskip=\muskip18
\biburlucskip=\muskip19
\biburllcskip=\muskip20
\c@smartand=\count384
)
Package biblatex Info: Trying to load bibliography style 'ieee'...
Package biblatex Info: ... file 'ieee.bbx' found.

(C:\Users\samue\AppData\Local\Programs\MiKTeX\tex/latex/biblatex-ieee\ieee.bbx
File: ieee.bbx 2021/12/06 v1.3f biblatex bibliography style
Package biblatex Info: Trying to load bibliography style 'numeric-comp'...
Package biblatex Info: ... file 'numeric-comp.bbx' found.

(C:\Users\samue\AppData\Local\Programs\MiKTeX\tex/latex/biblatex/bbx\numeric-co
mp.bbx
File: numeric-comp.bbx 2022/07/12 v3.18b biblatex bibliography style (PK/MW)
Package biblatex Info: Trying to load bibliography style 'numeric'...
Package biblatex Info: ... file 'numeric.bbx' found.

(C:\Users\samue\AppData\Local\Programs\MiKTeX\tex/latex/biblatex/bbx\numeric.bb
x
File: numeric.bbx 2022/07/12 v3.18b biblatex bibliography style (PK/MW)
Package biblatex Info: Trying to load bibliography style 'standard'...
Package biblatex Info: ... file 'standard.bbx' found.

(C:\Users\samue\AppData\Local\Programs\MiKTeX\tex/latex/biblatex/bbx\standard.b
bx
File: standard.bbx 2022/07/12 v3.18b biblatex bibliography style (PK/MW)
\c@bbx:relatedcount=\count385
\c@bbx:relatedtotal=\count386
))))
Package biblatex Info: Trying to load citation style 'numeric-comp'...
Package biblatex Info: ... file 'numeric-comp.cbx' found.

(C:\Users\samue\AppData\Local\Programs\MiKTeX\tex/latex/biblatex/cbx\numeric-co
mp.cbx
File: numeric-comp.cbx 2022/07/12 v3.18b biblatex citation style (PK/MW)
\c@cbx@tempcnta=\count387
\c@cbx@tempcntb=\count388
\c@cbx@tempcntc=\count389
\c@cbx@tempcntd=\count390
Package biblatex Info: Redefining '\cite'.
Package biblatex Info: Redefining '\parencite'.
Package biblatex Info: Redefining '\footcite'.
Package biblatex Info: Redefining '\footcitetext'.
Package biblatex Info: Redefining '\smartcite'.
Package biblatex Info: Redefining '\supercite'.
Package biblatex Info: Redefining '\textcite'.
Package biblatex Info: Redefining '\textcites'.
Package biblatex Info: Redefining '\cites'.
Package biblatex Info: Redefining '\parencites'.
Package biblatex Info: Redefining '\smartcites'.
)
Package biblatex Info: Trying to load configuration file...
Package biblatex Info: ... file 'biblatex.cfg' found.

(C:\Users\samue\AppData\Local\Programs\MiKTeX\tex/latex/biblatex\biblatex.cfg
File: biblatex.cfg 
)
Package biblatex Info: Input encoding 'utf8' detected.
Package biblatex Info: Document encoding is UTF8 ....

(C:\Users\samue\AppData\Local\Programs\MiKTeX\tex/latex/l3kernel\expl3.sty
Package: expl3 2023-02-07 L3 programming layer (loader) 

(C:\Users\samue\AppData\Local\Programs\MiKTeX\tex/latex/l3backend\l3backend-pdf
tex.def
File: l3backend-pdftex.def 2023-01-16 L3 backend support: PDF output (pdfTeX)
\l__color_backend_stack_int=\count391
\l__pdf_internal_box=\box51
))
Package biblatex Info: ... and expl3
(biblatex)             2023-02-07 L3 programming layer (loader) 
(biblatex)             is new enough (at least 2020/04/06),
(biblatex)             setting 'casechanger=expl3'.

(C:\Users\samue\AppData\Local\Programs\MiKTeX\tex/latex/biblatex\blx-case-expl3
.sty
(C:\Users\samue\AppData\Local\Programs\MiKTeX\tex/latex/l3packages/xparse\xpars
e.sty
Package: xparse 2023-01-16 L3 Experimental document command parser
)
Package: blx-case-expl3 2022/07/12 v3.18b expl3 case changing code for biblatex

))
(C:\Users\samue\AppData\Local\Programs\MiKTeX\tex/generic/babel\babel.sty
Package: babel 2023/02/13 3.86 The Babel package
\babel@savecnt=\count392
\U@D=\dimen141
\l@unhyphenated=\language80

(C:\Users\samue\AppData\Local\Programs\MiKTeX\tex/generic/babel\txtbabel.def)
\bbl@readstream=\read3
\bbl@dirlevel=\count393

*************************************
* Local config file bblopts.cfg used
*
(C:\Users\samue\AppData\Local\Programs\MiKTeX\tex/latex/arabi\bblopts.cfg
File: bblopts.cfg 2005/09/08 v0.1 add Arabic and Farsi to "declared" options of
 babel
)
(C:\Users\samue\AppData\Local\Programs\MiKTeX\tex/latex/babel-english\english.l
df
Language: english 2017/06/06 v3.3r English support from the babel system
Package babel Info: Hyphen rules for 'canadian' set to \l@english
(babel)             (\language0). Reported on input line 102.
Package babel Info: Hyphen rules for 'australian' set to \l@ukenglish
(babel)             (\language73). Reported on input line 105.
Package babel Info: Hyphen rules for 'newzealand' set to \l@ukenglish
(babel)             (\language73). Reported on input line 108.
))
(C:\Users\samue\AppData\Local\Programs\MiKTeX\tex/generic/babel/locale/en\babel
-english.tex
Package babel Info: Importing font and identification data for english
(babel)             from babel-en.ini. Reported on input line 11.
)
(C:\Users\samue\AppData\Local\Programs\MiKTeX\tex/latex/pdfpages\pdfpages.sty
Package: pdfpages 2022/12/19 v0.5x Insert pages of external PDF documents (AM)

(C:\Users\samue\AppData\Local\Programs\MiKTeX\tex/latex/tools\calc.sty
Package: calc 2017/05/25 v4.3 Infix arithmetic (KKT,FJ)
\calc@Acount=\count394
\calc@Bcount=\count395
\calc@Adimen=\dimen142
\calc@Bdimen=\dimen143
\calc@Askip=\skip72
\calc@Bskip=\skip73
LaTeX Info: Redefining \setlength on input line 80.
LaTeX Info: Redefining \addtolength on input line 81.
\calc@Ccount=\count396
\calc@Cskip=\skip74
)
(C:\Users\samue\AppData\Local\Programs\MiKTeX\tex/latex/eso-pic\eso-pic.sty
Package: eso-pic 2023/05/03 v3.0c eso-pic (RN)
\ESO@tempdima=\dimen144
\ESO@tempdimb=\dimen145

(C:\Users\samue\AppData\Local\Programs\MiKTeX\tex/latex/xcolor\xcolor.sty
Package: xcolor 2022/06/12 v2.14 LaTeX color extensions (UK)

(C:\Users\samue\AppData\Local\Programs\MiKTeX\tex/latex/graphics-cfg\color.cfg
File: color.cfg 2016/01/02 v1.6 sample color configuration
)
Package xcolor Info: Driver file: pdftex.def on input line 227.

(C:\Users\samue\AppData\Local\Programs\MiKTeX\tex/latex/graphics-def\pdftex.def
File: pdftex.def 2022/09/22 v1.2b Graphics/color driver for pdftex
)
(C:\Users\samue\AppData\Local\Programs\MiKTeX\tex/latex/graphics\mathcolor.ltx)
Package xcolor Info: Model `cmy' substituted by `cmy0' on input line 1353.
Package xcolor Info: Model `hsb' substituted by `rgb' on input line 1357.
Package xcolor Info: Model `RGB' extended on input line 1369.
Package xcolor Info: Model `HTML' substituted by `rgb' on input line 1371.
Package xcolor Info: Model `Hsb' substituted by `hsb' on input line 1372.
Package xcolor Info: Model `tHsb' substituted by `hsb' on input line 1373.
Package xcolor Info: Model `HSB' substituted by `hsb' on input line 1374.
Package xcolor Info: Model `Gray' substituted by `gray' on input line 1375.
Package xcolor Info: Model `wave' substituted by `hsb' on input line 1376.
))
(C:\Users\samue\AppData\Local\Programs\MiKTeX\tex/latex/graphics\graphicx.sty
Package: graphicx 2021/09/16 v1.2d Enhanced LaTeX Graphics (DPC,SPQR)

(C:\Users\samue\AppData\Local\Programs\MiKTeX\tex/latex/graphics\graphics.sty
Package: graphics 2022/03/10 v1.4e Standard LaTeX Graphics (DPC,SPQR)

(C:\Users\samue\AppData\Local\Programs\MiKTeX\tex/latex/graphics\trig.sty
Package: trig 2021/08/11 v1.11 sin cos tan (DPC)
)
(C:\Users\samue\AppData\Local\Programs\MiKTeX\tex/latex/graphics-cfg\graphics.c
fg
File: graphics.cfg 2016/06/04 v1.11 sample graphics configuration
)
Package graphics Info: Driver file: pdftex.def on input line 107.
)
\Gin@req@height=\dimen146
\Gin@req@width=\dimen147
)
\AM@pagewidth=\dimen148
\AM@pageheight=\dimen149
\AM@fboxrule=\dimen150

(C:\Users\samue\AppData\Local\Programs\MiKTeX\tex/latex/pdfpages\pppdftex.def
File: pppdftex.def 2022/12/19 v0.5x Pdfpages driver for pdfTeX (AM)
)
\pdfpages@includegraphics@status=\count397
\AM@pagebox=\box52
\AM@global@opts=\toks19
\AM@pagecnt=\count398
\AM@toc@title=\toks20
\AM@lof@heading=\toks21
\c@AM@survey=\count399
\AM@templatesizebox=\box53
) (C:\Users\samue\AppData\Local\Programs\MiKTeX\tex/latex/geometry\geometry.sty
Package: geometry 2020/01/02 v5.9 Page Geometry

(C:\Users\samue\AppData\Local\Programs\MiKTeX\tex/generic/iftex\ifvtex.sty
Package: ifvtex 2019/10/25 v1.7 ifvtex legacy package. Use iftex instead.
)
\Gm@cnth=\count400
\Gm@cntv=\count401
\c@Gm@tempcnt=\count402
\Gm@bindingoffset=\dimen151
\Gm@wd@mp=\dimen152
\Gm@odd@mp=\dimen153
\Gm@even@mp=\dimen154
\Gm@layoutwidth=\dimen155
\Gm@layoutheight=\dimen156
\Gm@layouthoffset=\dimen157
\Gm@layoutvoffset=\dimen158
\Gm@dimlist=\toks22

(C:\Users\samue\AppData\Local\Programs\MiKTeX\tex/latex/geometry\geometry.cfg))
(C:\Users\samue\AppData\Local\Programs\MiKTeX\tex/latex/hyperref\hyperref.sty
Package: hyperref 2023-02-07 v7.00v Hypertext links for LaTeX

(C:\Users\samue\AppData\Local\Programs\MiKTeX\tex/generic/kvdefinekeys\kvdefine
keys.sty
Package: kvdefinekeys 2019-12-19 v1.6 Define keys (HO)
)
(C:\Users\samue\AppData\Local\Programs\MiKTeX\tex/generic/pdfescape\pdfescape.s
ty
Package: pdfescape 2019/12/09 v1.15 Implements pdfTeX's escape features (HO)
) (C:\Users\samue\AppData\Local\Programs\MiKTeX\tex/latex/hycolor\hycolor.sty
Package: hycolor 2020-01-27 v1.10 Color options for hyperref/bookmark (HO)
)
(C:\Users\samue\AppData\Local\Programs\MiKTeX\tex/latex/letltxmacro\letltxmacro
.sty
Package: letltxmacro 2019/12/03 v1.6 Let assignment for LaTeX macros (HO)
)
(C:\Users\samue\AppData\Local\Programs\MiKTeX\tex/latex/auxhook\auxhook.sty
Package: auxhook 2019-12-17 v1.6 Hooks for auxiliary files (HO)
)
(C:\Users\samue\AppData\Local\Programs\MiKTeX\tex/latex/hyperref\nameref.sty
Package: nameref 2022-05-17 v2.50 Cross-referencing by name of section

(C:\Users\samue\AppData\Local\Programs\MiKTeX\tex/latex/refcount\refcount.sty
Package: refcount 2019/12/15 v3.6 Data extraction from label references (HO)
)
(C:\Users\samue\AppData\Local\Programs\MiKTeX\tex/generic/gettitlestring\gettit
lestring.sty
Package: gettitlestring 2019/12/15 v1.6 Cleanup title references (HO)
)
\c@section@level=\count403
)
\@linkdim=\dimen159
\Hy@linkcounter=\count404
\Hy@pagecounter=\count405

(C:\Users\samue\AppData\Local\Programs\MiKTeX\tex/latex/hyperref\pd1enc.def
File: pd1enc.def 2023-02-07 v7.00v Hyperref: PDFDocEncoding definition (HO)
Now handling font encoding PD1 ...
... no UTF-8 mapping file for font encoding PD1
)
(C:\Users\samue\AppData\Local\Programs\MiKTeX\tex/generic/intcalc\intcalc.sty
Package: intcalc 2019/12/15 v1.3 Expandable calculations with integers (HO)
)
(C:\Users\samue\AppData\Local\Programs\MiKTeX\tex/generic/etexcmds\etexcmds.sty
Package: etexcmds 2019/12/15 v1.7 Avoid name clashes with e-TeX commands (HO)
)
\Hy@SavedSpaceFactor=\count406
 (C:\Users\samue\AppData\Local\Programs\MiKTeX\tex/latex/hyperref\puenc.def
File: puenc.def 2023-02-07 v7.00v Hyperref: PDF Unicode definition (HO)
Now handling font encoding PU ...
... no UTF-8 mapping file for font encoding PU
)
Package hyperref Info: Option `breaklinks' set `true' on input line 4060.
Package hyperref Info: Hyper figures OFF on input line 4177.
Package hyperref Info: Link nesting OFF on input line 4182.
Package hyperref Info: Hyper index ON on input line 4185.
Package hyperref Info: Plain pages OFF on input line 4192.
Package hyperref Info: Backreferencing OFF on input line 4197.
Package hyperref Info: Implicit mode ON; LaTeX internals redefined.
Package hyperref Info: Bookmarks ON on input line 4425.
\c@Hy@tempcnt=\count407
LaTeX Info: Redefining \url on input line 4763.
\XeTeXLinkMargin=\dimen160

(C:\Users\samue\AppData\Local\Programs\MiKTeX\tex/generic/bitset\bitset.sty
Package: bitset 2019/12/09 v1.3 Handle bit-vector datatype (HO)

(C:\Users\samue\AppData\Local\Programs\MiKTeX\tex/generic/bigintcalc\bigintcalc
.sty
Package: bigintcalc 2019/12/15 v1.5 Expandable calculations on big integers (HO
)
))
\Fld@menulength=\count408
\Field@Width=\dimen161
\Fld@charsize=\dimen162
Package hyperref Info: Hyper figures OFF on input line 6042.
Package hyperref Info: Link nesting OFF on input line 6047.
Package hyperref Info: Hyper index ON on input line 6050.
Package hyperref Info: backreferencing OFF on input line 6057.
Package hyperref Info: Link coloring OFF on input line 6062.
Package hyperref Info: Link coloring with OCG OFF on input line 6067.
Package hyperref Info: PDF/A mode OFF on input line 6072.

(C:\Users\samue\AppData\Local\Programs\MiKTeX\tex/latex/base\atbegshi-ltx.sty
Package: atbegshi-ltx 2021/01/10 v1.0c Emulation of the original atbegshi
package with kernel methods
)
\Hy@abspage=\count409
\c@Item=\count410
\c@Hfootnote=\count411
)
Package hyperref Info: Driver (autodetected): hpdftex.
(C:\Users\samue\AppData\Local\Programs\MiKTeX\tex/latex/hyperref\hpdftex.def
File: hpdftex.def 2023-02-07 v7.00v Hyperref driver for pdfTeX

(C:\Users\samue\AppData\Local\Programs\MiKTeX\tex/latex/base\atveryend-ltx.sty
Package: atveryend-ltx 2020/08/19 v1.0a Emulation of the original atveryend pac
kage
with kernel methods
)
\Fld@listcount=\count412
\c@bookmark@seq@number=\count413

(C:\Users\samue\AppData\Local\Programs\MiKTeX\tex/latex/rerunfilecheck\rerunfil
echeck.sty
Package: rerunfilecheck 2022-07-10 v1.10 Rerun checks for auxiliary files (HO)

(C:\Users\samue\AppData\Local\Programs\MiKTeX\tex/generic/uniquecounter\uniquec
ounter.sty
Package: uniquecounter 2019/12/15 v1.4 Provide unlimited unique counter (HO)
)
Package uniquecounter Info: New unique counter `rerunfilecheck' on input line 2
85.
)
\Hy@SectionHShift=\skip75
)
(C:\Users\samue\AppData\Local\Programs\MiKTeX\tex/latex/caption\subcaption.sty
Package: subcaption 2022/01/07 v1.5 Sub-captions (AR)

(C:\Users\samue\AppData\Local\Programs\MiKTeX\tex/latex/caption\caption.sty
Package: caption 2022/03/01 v3.6b Customizing captions (AR)

(C:\Users\samue\AppData\Local\Programs\MiKTeX\tex/latex/caption\caption3.sty
Package: caption3 2022/03/17 v2.3b caption3 kernel (AR)
\caption@tempdima=\dimen163
\captionmargin=\dimen164
\caption@leftmargin=\dimen165
\caption@rightmargin=\dimen166
\caption@width=\dimen167
\caption@indent=\dimen168
\caption@parindent=\dimen169
\caption@hangindent=\dimen170
Package caption Info: Standard document class detected.
)
\c@caption@flags=\count414
\c@continuedfloat=\count415
Package caption Info: hyperref package is loaded.
)
\c@subfigure=\count416
\c@subtable=\count417
) (C:\Users\samue\AppData\Local\Programs\MiKTeX\tex/latex/booktabs\booktabs.sty
Package: booktabs 2020/01/12 v1.61803398 Publication quality tables
\heavyrulewidth=\dimen171
\lightrulewidth=\dimen172
\cmidrulewidth=\dimen173
\belowrulesep=\dimen174
\belowbottomsep=\dimen175
\aboverulesep=\dimen176
\abovetopsep=\dimen177
\cmidrulesep=\dimen178
\cmidrulekern=\dimen179
\defaultaddspace=\dimen180
\@cmidla=\count418
\@cmidlb=\count419
\@aboverulesep=\dimen181
\@belowrulesep=\dimen182
\@thisruleclass=\count420
\@lastruleclass=\count421
\@thisrulewidth=\dimen183
) (C:\Users\samue\AppData\Local\Programs\MiKTeX\tex/latex/tools\tabularx.sty
Package: tabularx 2020/01/15 v2.11c `tabularx' package (DPC)

(C:\Users\samue\AppData\Local\Programs\MiKTeX\tex/latex/tools\array.sty
Package: array 2022/09/04 v2.5g Tabular extension package (FMi)
\col@sep=\dimen184
\ar@mcellbox=\box54
\extrarowheight=\dimen185
\NC@list=\toks23
\extratabsurround=\skip76
\backup@length=\skip77
\ar@cellbox=\box55
)
\TX@col@width=\dimen186
\TX@old@table=\dimen187
\TX@old@col=\dimen188
\TX@target=\dimen189
\TX@delta=\dimen190
\TX@cols=\count422
\TX@ftn=\toks24
)
(C:\Users\samue\AppData\Local\Programs\MiKTeX\tex/latex/listings\listings.sty
\lst@mode=\count423
\lst@gtempboxa=\box56
\lst@token=\toks25
\lst@length=\count424
\lst@currlwidth=\dimen191
\lst@column=\count425
\lst@pos=\count426
\lst@lostspace=\dimen192
\lst@width=\dimen193
\lst@newlines=\count427
\lst@lineno=\count428
\lst@maxwidth=\dimen194

(C:\Users\samue\AppData\Local\Programs\MiKTeX\tex/latex/listings\lstmisc.sty
File: lstmisc.sty 2020/03/24 1.8d (Carsten Heinz)
\c@lstnumber=\count429
\lst@skipnumbers=\count430
\lst@framebox=\box57
)
(C:\Users\samue\AppData\Local\Programs\MiKTeX\tex/latex/listings\listings.cfg
File: listings.cfg 2020/03/24 1.8d listings configuration
))
Package: listings 2020/03/24 1.8d (Carsten Heinz)
(C:\Users\samue\AppData\Local\Programs\MiKTeX\tex/latex/amsmath\amsmath.sty
Package: amsmath 2022/04/08 v2.17n AMS math features
\@mathmargin=\skip78

For additional information on amsmath, use the `?' option.
(C:\Users\samue\AppData\Local\Programs\MiKTeX\tex/latex/amsmath\amstext.sty
Package: amstext 2021/08/26 v2.01 AMS text

(C:\Users\samue\AppData\Local\Programs\MiKTeX\tex/latex/amsmath\amsgen.sty
File: amsgen.sty 1999/11/30 v2.0 generic functions
\@emptytoks=\toks26
\ex@=\dimen195
))
(C:\Users\samue\AppData\Local\Programs\MiKTeX\tex/latex/amsmath\amsbsy.sty
Package: amsbsy 1999/11/29 v1.2d Bold Symbols
\pmbraise@=\dimen196
)
(C:\Users\samue\AppData\Local\Programs\MiKTeX\tex/latex/amsmath\amsopn.sty
Package: amsopn 2022/04/08 v2.04 operator names
)
\inf@bad=\count431
LaTeX Info: Redefining \frac on input line 234.
\uproot@=\count432
\leftroot@=\count433
LaTeX Info: Redefining \overline on input line 399.
LaTeX Info: Redefining \colon on input line 410.
\classnum@=\count434
\DOTSCASE@=\count435
LaTeX Info: Redefining \ldots on input line 496.
LaTeX Info: Redefining \dots on input line 499.
LaTeX Info: Redefining \cdots on input line 620.
\Mathstrutbox@=\box58
\strutbox@=\box59
LaTeX Info: Redefining \big on input line 722.
LaTeX Info: Redefining \Big on input line 723.
LaTeX Info: Redefining \bigg on input line 724.
LaTeX Info: Redefining \Bigg on input line 725.
\big@size=\dimen197
LaTeX Font Info:    Redeclaring font encoding OML on input line 743.
LaTeX Font Info:    Redeclaring font encoding OMS on input line 744.
\macc@depth=\count436
LaTeX Info: Redefining \bmod on input line 905.
LaTeX Info: Redefining \pmod on input line 910.
LaTeX Info: Redefining \smash on input line 940.
LaTeX Info: Redefining \relbar on input line 970.
LaTeX Info: Redefining \Relbar on input line 971.
\c@MaxMatrixCols=\count437
\dotsspace@=\muskip21
\c@parentequation=\count438
\dspbrk@lvl=\count439
\tag@help=\toks27
\row@=\count440
\column@=\count441
\maxfields@=\count442
\andhelp@=\toks28
\eqnshift@=\dimen198
\alignsep@=\dimen199
\tagshift@=\dimen256
\tagwidth@=\dimen257
\totwidth@=\dimen258
\lineht@=\dimen259
\@envbody=\toks29
\multlinegap=\skip79
\multlinetaggap=\skip80
\mathdisplay@stack=\toks30
LaTeX Info: Redefining \[ on input line 2953.
LaTeX Info: Redefining \] on input line 2954.
)
(C:\Users\samue\AppData\Local\Programs\MiKTeX\tex/latex/amsfonts\amssymb.sty
Package: amssymb 2013/01/14 v3.01 AMS font symbols

(C:\Users\samue\AppData\Local\Programs\MiKTeX\tex/latex/amsfonts\amsfonts.sty
Package: amsfonts 2013/01/14 v3.01 Basic AMSFonts support
\symAMSa=\mathgroup4
\symAMSb=\mathgroup5
LaTeX Font Info:    Redeclaring math symbol \hbar on input line 98.
LaTeX Font Info:    Overwriting math alphabet `\mathfrak' in version `bold'
(Font)                  U/euf/m/n --> U/euf/b/n on input line 106.
)) (C:\Users\samue\AppData\Local\Programs\MiKTeX\tex/latex/tools\bm.sty
Package: bm 2022/01/05 v1.2f Bold Symbol Support (DPC/FMi)
\symboldoperators=\mathgroup6
\symboldletters=\mathgroup7
\symboldsymbols=\mathgroup8
Package bm Info: No bold for \OMX/cmex/m/n, using \pmb.
Package bm Info: No bold for \U/msa/m/n, using \pmb.
Package bm Info: No bold for \U/msb/m/n, using \pmb.
LaTeX Font Info:    Redeclaring math alphabet \mathbf on input line 149.
)
(C:\Users\samue\AppData\Local\Programs\MiKTeX\tex/latex/mathtools\mathtools.sty
Package: mathtools 2024/03/11 v1.30 mathematical typesetting tools
(C:\Users\samue\AppData\Local\Programs\MiKTeX\tex/latex/mathtools\mhsetup.sty
Package: mhsetup 2021/03/18 v1.4 programming setup (MH)
)
\g_MT_multlinerow_int=\count443
\l_MT_multwidth_dim=\dimen260
\origjot=\skip81
\l_MT_shortvdotswithinadjustabove_dim=\dimen261
\l_MT_shortvdotswithinadjustbelow_dim=\dimen262
\l_MT_above_intertext_sep=\dimen263
\l_MT_below_intertext_sep=\dimen264
\l_MT_above_shortintertext_sep=\dimen265
\l_MT_below_shortintertext_sep=\dimen266
\xmathstrut@box=\box60
\xmathstrut@dim=\dimen267
) (C:\Users\samue\AppData\Local\Programs\MiKTeX\tex/latex/gensymb\gensymb.sty
Package: gensymb 2022/10/17 v1.0.2 (KJH)
)
(C:\Users\samue\AppData\Local\Programs\MiKTeX\tex/latex/fancyvrb\fancyvrb.sty
Package: fancyvrb 2023/01/19 4.5a verbatim text (tvz,hv)
\FV@CodeLineNo=\count444
\FV@InFile=\read4
\FV@TabBox=\box61
\c@FancyVerbLine=\count445
\FV@StepNumber=\count446
\FV@OutFile=\write4
)
   defining Unicode char U+2009 (decimal 8201)
   defining Unicode char U+2212 (decimal 8722)


Package biblatex Warning: 'babel/polyglossia' detected but 'csquotes' missing.
(biblatex)                Loading 'csquotes' recommended.

\@quotelevel=\count447
\@quotereset=\count448
(main.aux)
\openout1 = `main.aux'.

LaTeX Font Info:    Checking defaults for OML/cmm/m/it on input line 110.
LaTeX Font Info:    ... okay on input line 110.
LaTeX Font Info:    Checking defaults for OMS/cmsy/m/n on input line 110.
LaTeX Font Info:    ... okay on input line 110.
LaTeX Font Info:    Checking defaults for OT1/cmr/m/n on input line 110.
LaTeX Font Info:    ... okay on input line 110.
LaTeX Font Info:    Checking defaults for T1/cmr/m/n on input line 110.
LaTeX Font Info:    ... okay on input line 110.
LaTeX Font Info:    Checking defaults for TS1/cmr/m/n on input line 110.
LaTeX Font Info:    ... okay on input line 110.
LaTeX Font Info:    Checking defaults for OMX/cmex/m/n on input line 110.
LaTeX Font Info:    ... okay on input line 110.
LaTeX Font Info:    Checking defaults for U/cmr/m/n on input line 110.
LaTeX Font Info:    ... okay on input line 110.
LaTeX Font Info:    Checking defaults for IL2/cmr/m/n on input line 110.
LaTeX Font Info:    ... okay on input line 110.
LaTeX Font Info:    Checking defaults for PD1/pdf/m/n on input line 110.
LaTeX Font Info:    ... okay on input line 110.
LaTeX Font Info:    Checking defaults for PU/pdf/m/n on input line 110.
LaTeX Font Info:    ... okay on input line 110.
Package biblatex Info: Trying to load language 'english'...
Package biblatex Info: ... file 'english.lbx' found.

(C:\Users\samue\AppData\Local\Programs\MiKTeX\tex/latex/biblatex/lbx\english.lb
x
File: english.lbx 2022/07/12 v3.18b biblatex localization (PK/MW)
)
Package biblatex Info: Input encoding 'utf8' detected.
Package biblatex Info: Automatic encoding selection.
(biblatex)             Assuming data encoding 'utf8'.
\openout3 = `main.bcf'.

Package biblatex Info: Trying to load bibliographic data...
Package biblatex Info: ... file 'main.bbl' found.
 (main.bbl

Package biblatex Warning: The following entry could not be found
(biblatex)                in the database:
(biblatex)                lin-reg
(biblatex)                Please verify the spelling and rerun
(biblatex)                LaTeX afterwards.

)
Package biblatex Info: Reference section=0 on input line 110.
Package biblatex Info: Reference segment=0 on input line 110.

(C:\Users\samue\AppData\Local\Programs\MiKTeX\tex/context/base/mkii\supp-pdf.mk
ii
[Loading MPS to PDF converter (version 2006.09.02).]
\scratchcounter=\count449
\scratchdimen=\dimen268
\scratchbox=\box62
\nofMPsegments=\count450
\nofMParguments=\count451
\everyMPshowfont=\toks31
\MPscratchCnt=\count452
\MPscratchDim=\dimen269
\MPnumerator=\count453
\makeMPintoPDFobject=\count454
\everyMPtoPDFconversion=\toks32
)
(C:\Users\samue\AppData\Local\Programs\MiKTeX\tex/latex/epstopdf-pkg\epstopdf-b
ase.sty
Package: epstopdf-base 2020-01-24 v2.11 Base part for package epstopdf
Package epstopdf-base Info: Redefining graphics rule for `.eps' on input line 4
85.

(C:\Users\samue\AppData\Local\Programs\MiKTeX\tex/latex/00miktex\epstopdf-sys.c
fg
File: epstopdf-sys.cfg 2021/03/18 v2.0 Configuration of epstopdf for MiKTeX
))
(C:\Users\samue\AppData\Local\Programs\MiKTeX\tex/latex/pdflscape\pdflscape.sty
Package: pdflscape 2022-10-27 v0.13 Display of landscape pages in PDF

(C:\Users\samue\AppData\Local\Programs\MiKTeX\tex/latex/pdflscape\pdflscape-nom
etadata.sty
Package: pdflscape-nometadata 2022-10-28 v0.13 Display of landscape pages in PD
F (HO)

(C:\Users\samue\AppData\Local\Programs\MiKTeX\tex/latex/graphics\lscape.sty
Package: lscape 2020/05/28 v3.02 Landscape Pages (DPC)
)
Package pdflscape Info: Auto-detected driver: pdftex on input line 81.
))
*geometry* driver: auto-detecting
*geometry* detected driver: pdftex
*geometry* verbose mode - [ preamble ] result:
* driver: pdftex
* paper: a4paper
* layout: <same size as paper>
* layoutoffset:(h,v)=(0.0pt,0.0pt)
* hratio: 1:1
* modes: 
* h-part:(L,W,R)=(89.62709pt, 418.25368pt, 89.6271pt)
* v-part:(T,H,B)=(101.40665pt, 591.5302pt, 152.11pt)
* \paperwidth=597.50787pt
* \paperheight=845.04684pt
* \textwidth=426.79134pt
* \textheight=682.86613pt
* \oddsidemargin=17.3571pt
* \evensidemargin=17.3571pt
* \topmargin=-42.67912pt
* \headheight=12.0pt
* \headsep=19.8738pt
* \topskip=12.0pt
* \footskip=30.0pt
* \marginparwidth=38.0pt
* \marginparsep=7.0pt
* \columnsep=10.0pt
* \skip\footins=10.8pt plus 4.0pt minus 2.0pt
* \hoffset=0.0pt
* \voffset=0.0pt
* \mag=1000
* \@twocolumnfalse
* \@twosidefalse
* \@mparswitchfalse
* \@reversemarginfalse
* (1in=72.27pt=25.4mm, 1cm=28.453pt)

Package hyperref Info: Link coloring OFF on input line 110.
(main.out) (main.out)
\@outlinefile=\write5
\openout5 = `main.out'.

Package caption Info: Begin \AtBeginDocument code.
Package caption Info: listings package is loaded.
Package caption Info: End \AtBeginDocument code.
\c@lstlisting=\count455
LaTeX Info: Redefining \celsius on input line 110.
Package gensymb Info: Faking symbols for \degree and \celsius on input line 110
.


Package gensymb Warning: Not defining \perthousand.

LaTeX Info: Redefining \ohm on input line 110.
Package gensymb Info: Using \Omega for \ohm on input line 110.

Package gensymb Warning: Not defining \micro.

LaTeX Font Info:    Trying to load font information for U+msa on input line 118
.
(C:\Users\samue\AppData\Local\Programs\MiKTeX\tex/latex/amsfonts\umsa.fd
File: umsa.fd 2013/01/14 v3.01 AMS symbols A
)
LaTeX Font Info:    Trying to load font information for U+msb on input line 118
.

(C:\Users\samue\AppData\Local\Programs\MiKTeX\tex/latex/amsfonts\umsb.fd
File: umsb.fd 2013/01/14 v3.01 AMS symbols B
)
<symbol_cvut_konturova_verze_cb.pdf, id=126, 126.78566pt x 96.54268pt>
File: symbol_cvut_konturova_verze_cb.pdf Graphic file (type pdf)
<use symbol_cvut_konturova_verze_cb.pdf>
Package pdftex.def Info: symbol_cvut_konturova_verze_cb.pdf  used on input line
 123.
(pdftex.def)             Requested size: 126.78534pt x 96.54243pt.

[1

{C:/Users/samue/AppData/Local/MiKTeX/fonts/map/pdftex/pdftex.map} <./symbol_cvu
t_konturova_verze_cb.pdf>]

pdfTeX warning: pdflatex.exe (file ./zadani_cele.pdf): PDF inclusion: found PDF
 version <1.7>, but at most version <1.5> allowed
<zadani_cele.pdf, id=139, 597.55246pt x 845.07724pt>
File: zadani_cele.pdf Graphic file (type pdf)
<use zadani_cele.pdf>
Package pdftex.def Info: zadani_cele.pdf  used on input line 147.
(pdftex.def)             Requested size: 597.551pt x 845.07518pt.


pdfTeX warning: pdflatex.exe (file ./zadani_cele.pdf): PDF inclusion: found PDF
 version <1.7>, but at most version <1.5> allowed
File: zadani_cele.pdf Graphic file (type pdf)
<use zadani_cele.pdf>
Package pdftex.def Info: zadani_cele.pdf  used on input line 147.
(pdftex.def)             Requested size: 597.551pt x 845.07518pt.


pdfTeX warning: pdflatex.exe (file ./zadani_cele.pdf): PDF inclusion: found PDF
 version <1.7>, but at most version <1.5> allowed


pdfTeX warning: pdflatex.exe (file ./zadani_cele.pdf): PDF inclusion: found PDF
 version <1.7>, but at most version <1.5> allowed
<zadani_cele.pdf, id=142, page=1, 597.55246pt x 845.07724pt>
File: zadani_cele.pdf Graphic file (type pdf)
<use zadani_cele.pdf, page 1>
Package pdftex.def Info: zadani_cele.pdf , page1 used on input line 147.
(pdftex.def)             Requested size: 597.551pt x 845.07518pt.
File: zadani_cele.pdf Graphic file (type pdf)
<use zadani_cele.pdf, page 1>
Package pdftex.def Info: zadani_cele.pdf , page1 used on input line 147.
(pdftex.def)             Requested size: 597.57834pt x 845.11386pt.
File: zadani_cele.pdf Graphic file (type pdf)
<use zadani_cele.pdf, page 1>
Package pdftex.def Info: zadani_cele.pdf , page1 used on input line 147.
(pdftex.def)             Requested size: 597.57834pt x 845.11386pt.
File: zadani_cele.pdf Graphic file (type pdf)
<use zadani_cele.pdf, page 1>
Package pdftex.def Info: zadani_cele.pdf , page1 used on input line 147.
(pdftex.def)             Requested size: 597.57834pt x 845.11386pt.
File: zadani_cele.pdf Graphic file (type pdf)
<use zadani_cele.pdf, page 1>
Package pdftex.def Info: zadani_cele.pdf , page1 used on input line 147.
(pdftex.def)             Requested size: 597.57834pt x 845.11386pt.
[2 <./zadani_cele.pdf>] [3] [4]
\odstavecbox=\box63
\vyskaodstavce=\skip82

Overfull \hbox (31.64261pt too wide) in paragraph at lines 200--216
[][] 
 []

[5] (main.toc [6

])
\tf@toc=\write6
\openout6 = `main.toc'.

 [7] (introduction.tex [8

]) (chapter1.tex [9]
Chapter 1.
[10

] [11]
<figures/laser-plasma-interaction.png, id=308, 1018.55531pt x 682.80093pt>
File: figures/laser-plasma-interaction.png Graphic file (type png)
<use figures/laser-plasma-interaction.png>
Package pdftex.def Info: figures/laser-plasma-interaction.png  used on input li
ne 94.
(pdftex.def)             Requested size: 341.43436pt x 228.88818pt.


LaTeX Warning: `h' float specifier changed to `ht'.

[12] [13 <./figures/laser-plasma-interaction.png>]
<figures/tunnelling.png, id=339, 722.7pt x 433.62pt>
File: figures/tunnelling.png Graphic file (type png)
<use figures/tunnelling.png>
Package pdftex.def Info: figures/tunnelling.png  used on input line 137.
(pdftex.def)             Requested size: 341.43436pt x 204.86006pt.
 [14 <./figures/tunnelling.png>] [15] [16] [17]

Package hyperref Warning: Token not allowed in a PDF string (Unicode):
(hyperref)                removing `math shift' on input line 231.


Package hyperref Warning: Token not allowed in a PDF string (Unicode):
(hyperref)                removing `subscript' on input line 231.


Package hyperref Warning: Token not allowed in a PDF string (Unicode):
(hyperref)                removing `\alpha' on input line 231.


Package hyperref Warning: Token not allowed in a PDF string (Unicode):
(hyperref)                removing `math shift' on input line 231.

<figures/spectrum-ti.png, id=419, 658.71094pt x 260.47313pt>
File: figures/spectrum-ti.png Graphic file (type png)
<use figures/spectrum-ti.png>
Package pdftex.def Info: figures/spectrum-ti.png  used on input line 236.
(pdftex.def)             Requested size: 405.45045pt x 160.33112pt.
[18 <./figures/spectrum-ti.png>] [19]
<figures/yee-grid.png, id=459, 853.1875pt x 491.8375pt>
File: figures/yee-grid.png Graphic file (type png)
<use figures/yee-grid.png>
Package pdftex.def Info: figures/yee-grid.png  used on input line 275.
(pdftex.def)             Requested size: 256.0774pt x 147.61992pt.
 [20] [21 <./figures/yee-grid.png>])
(chapter2.tex [22]
Chapter 2.
<figures/example-histogram.pdf, id=506, 462.52798pt x 346.89601pt>
File: figures/example-histogram.pdf Graphic file (type pdf)
<use figures/example-histogram.pdf>
Package pdftex.def Info: figures/example-histogram.pdf  used on input line 12.
(pdftex.def)             Requested size: 298.75262pt x 224.07703pt.
[23

 <./figures/example-histogram.pdf>] [24] [25] [26] [27]

LaTeX Warning: Citation 'lin-reg' on page 28 undefined on input line 205.

[28] [29]) (models-theory.tex [30]
Chapter 3.
[31

] [32]
Overfull \hbox (3.39935pt too wide) detected at line 62
[][][][][]  []
 []

[33] [34]
<figures/gaussian-samples.png, id=711, 613.5723pt x 302.0886pt>
File: figures/gaussian-samples.png Graphic file (type png)
<use figures/gaussian-samples.png>
Package pdftex.def Info: figures/gaussian-samples.png  used on input line 117.
(pdftex.def)             Requested size: 418.25368pt x 205.92456pt.
 [35]
<figures/gaussian-samples-post.png, id=727, 758.835pt x 346.896pt>
File: figures/gaussian-samples-post.png Graphic file (type png)
<use figures/gaussian-samples-post.png>
Package pdftex.def Info: figures/gaussian-samples-post.png  used on input line 
136.
(pdftex.def)             Requested size: 418.25368pt x 191.20625pt.
 [36 <./figures/gaussian-samples.png>] [37 <./figures/gaussian-samples-post.png
>]) (fitting-algorithm-theory.tex [38]
Chapter 4.
[39

]
<figures/trimmed-hist.png, id=772, 722.7pt x 433.62pt>
File: figures/trimmed-hist.png Graphic file (type png)
<use figures/trimmed-hist.png>
Package pdftex.def Info: figures/trimmed-hist.png  used on input line 33.
(pdftex.def)             Requested size: 384.10959pt x 230.46591pt.


LaTeX Warning: `h' float specifier changed to `ht'.

[40] [41 <./figures/trimmed-hist.png>]
<figures/hist_1e19_060_30_3exp.pdf, id=791, 462.52798pt x 346.89601pt>
File: figures/hist_1e19_060_30_3exp.pdf Graphic file (type pdf)
<use figures/hist_1e19_060_30_3exp.pdf>
Package pdftex.def Info: figures/hist_1e19_060_30_3exp.pdf  used on input line 
60.
(pdftex.def)             Requested size: 384.10959pt x 288.09828pt.
 [42 <./figures/hist_1e19_060_30_3exp.pdf>]
<figures/hist_1e19_060_30_2exp.pdf, id=843, 462.52798pt x 346.89601pt>
File: figures/hist_1e19_060_30_2exp.pdf Graphic file (type pdf)
<use figures/hist_1e19_060_30_2exp.pdf>
Package pdftex.def Info: figures/hist_1e19_060_30_2exp.pdf  used on input line 
78.
(pdftex.def)             Requested size: 384.10959pt x 288.09828pt.
<figures/hist_1e19_060_30_nlsq.pdf, id=846, 462.52798pt x 346.89601pt>
File: figures/hist_1e19_060_30_nlsq.pdf Graphic file (type pdf)
<use figures/hist_1e19_060_30_nlsq.pdf>
Package pdftex.def Info: figures/hist_1e19_060_30_nlsq.pdf  used on input line 
88.
(pdftex.def)             Requested size: 384.10959pt x 288.09828pt.
 [43 <./figures/hist_1e19_060_30_2exp.pdf>] [44 <./figures/hist_1e19_060_30_nls
q.pdf>]
<figures/hist_1e19_060_30_manual.png, id=953, 560.8453pt x 368.87813pt>
File: figures/hist_1e19_060_30_manual.png Graphic file (type png)
<use figures/hist_1e19_060_30_manual.png>
Package pdftex.def Info: figures/hist_1e19_060_30_manual.png  used on input lin
e 103.
(pdftex.def)             Requested size: 384.10959pt x 252.63495pt.
 [45 <./figures/hist_1e19_060_30_manual.png>]
<figures/relative-error.pdf, id=963, 630.9171pt x 346.89601pt>
File: figures/relative-error.pdf Graphic file (type pdf)
<use figures/relative-error.pdf>
Package pdftex.def Info: figures/relative-error.pdf  used on input line 136.
(pdftex.def)             Requested size: 418.25368pt x 229.96835pt.
 [46 <./figures/relative-error.pdf>]
<figures/I_1e17t_hot.pdf, id=1019, 578.16pt x 433.62pt>
File: figures/I_1e17t_hot.pdf Graphic file (type pdf)
<use figures/I_1e17t_hot.pdf>
Package pdftex.def Info: figures/I_1e17t_hot.pdf  used on input line 159.
(pdftex.def)             Requested size: 209.1301pt x 156.84413pt.
<figures/I_1e18t_hot.pdf, id=1020, 578.16pt x 433.62pt>
File: figures/I_1e18t_hot.pdf Graphic file (type pdf)
<use figures/I_1e18t_hot.pdf>
Package pdftex.def Info: figures/I_1e18t_hot.pdf  used on input line 166.
(pdftex.def)             Requested size: 209.1301pt x 156.84413pt.
<figures/I_1e19t_hot.pdf, id=1021, 578.16pt x 433.62pt>
File: figures/I_1e19t_hot.pdf Graphic file (type pdf)
<use figures/I_1e19t_hot.pdf>
Package pdftex.def Info: figures/I_1e19t_hot.pdf  used on input line 172.
(pdftex.def)             Requested size: 209.1301pt x 156.84413pt.
 [47]
<figures/I_1e17_cut_10.pdf, id=1030, 578.16pt x 433.62pt>
File: figures/I_1e17_cut_10.pdf Graphic file (type pdf)
<use figures/I_1e17_cut_10.pdf>
Package pdftex.def Info: figures/I_1e17_cut_10.pdf  used on input line 196.
(pdftex.def)             Requested size: 209.1301pt x 156.84413pt.
<figures/I_1e18_cut_10.pdf, id=1031, 578.16pt x 433.62pt>
File: figures/I_1e18_cut_10.pdf Graphic file (type pdf)
<use figures/I_1e18_cut_10.pdf>
Package pdftex.def Info: figures/I_1e18_cut_10.pdf  used on input line 203.
(pdftex.def)             Requested size: 209.1301pt x 156.84413pt.
<figures/I_1e19_cut_10.pdf, id=1032, 578.16pt x 433.62pt>
File: figures/I_1e19_cut_10.pdf Graphic file (type pdf)
<use figures/I_1e19_cut_10.pdf>
Package pdftex.def Info: figures/I_1e19_cut_10.pdf  used on input line 209.
(pdftex.def)             Requested size: 209.1301pt x 156.84413pt.
<figures/t_hot_l_17.pdf, id=1035, 462.52798pt x 346.89601pt>
File: figures/t_hot_l_17.pdf Graphic file (type pdf)
<use figures/t_hot_l_17.pdf>
Package pdftex.def Info: figures/t_hot_l_17.pdf  used on input line 225.
(pdftex.def)             Requested size: 209.1301pt x 156.8481pt.
<figures/t_hot_l_18.pdf, id=1036, 462.52798pt x 346.89601pt>
File: figures/t_hot_l_18.pdf Graphic file (type pdf)
<use figures/t_hot_l_18.pdf>
Package pdftex.def Info: figures/t_hot_l_18.pdf  used on input line 232.
(pdftex.def)             Requested size: 209.1301pt x 156.8481pt.
<figures/t_hot_l_19.pdf, id=1037, 462.52798pt x 346.89601pt>
File: figures/t_hot_l_19.pdf Graphic file (type pdf)
<use figures/t_hot_l_19.pdf>
Package pdftex.def Info: figures/t_hot_l_19.pdf  used on input line 238.
(pdftex.def)             Requested size: 251.80531pt x 188.85608pt.
) (chapter5.tex [48 <./figures/I_1e17t_hot.pdf> <./figures/I_1e18t_hot.pdf> <./
figures/I_1e19t_hot.pdf>] [49 <./figures/I_1e17_cut_10.pdf> <./figures/I_1e18_c
ut_10.pdf> <./figures/I_1e19_cut_10.pdf>] [50 <./figures/t_hot_l_17.pdf> <./fig
ures/t_hot_l_18.pdf> <./figures/t_hot_l_19.pdf>]
Chapter 5.
[51

]

LaTeX Warning: `h' float specifier changed to `ht'.

[52]
<figures/nn17_pred.pdf, id=1426, 578.16pt x 433.62pt>
File: figures/nn17_pred.pdf Graphic file (type pdf)
<use figures/nn17_pred.pdf>
Package pdftex.def Info: figures/nn17_pred.pdf  used on input line 57.
(pdftex.def)             Requested size: 209.1301pt x 156.84413pt.
<figures/nn18_pred.pdf, id=1427, 578.16pt x 433.62pt>
File: figures/nn18_pred.pdf Graphic file (type pdf)
<use figures/nn18_pred.pdf>
Package pdftex.def Info: figures/nn18_pred.pdf  used on input line 64.
(pdftex.def)             Requested size: 209.1301pt x 156.84413pt.
<figures/nn19_pred.pdf, id=1428, 578.16pt x 433.62pt>
File: figures/nn19_pred.pdf Graphic file (type pdf)
<use figures/nn19_pred.pdf>
Package pdftex.def Info: figures/nn19_pred.pdf  used on input line 70.
(pdftex.def)             Requested size: 251.80531pt x 188.84813pt.

Overfull \hbox (2.3556pt too wide) in paragraph at lines 82--83
[]\IL2/cmr/m/n/12 Generally, it is pos-si-ble to claim that the over-parametriz
ed model can be smoothened
 []

<figures/gp17_pred.pdf, id=1429, 578.16pt x 433.62pt>
File: figures/gp17_pred.pdf Graphic file (type pdf)
<use figures/gp17_pred.pdf>
Package pdftex.def Info: figures/gp17_pred.pdf  used on input line 91.
(pdftex.def)             Requested size: 209.1301pt x 156.84413pt.
<figures/gp18_pred.pdf, id=1430, 578.16pt x 433.62pt>
File: figures/gp18_pred.pdf Graphic file (type pdf)
<use figures/gp18_pred.pdf>
Package pdftex.def Info: figures/gp18_pred.pdf  used on input line 98.
(pdftex.def)             Requested size: 209.1301pt x 156.84413pt.
<figures/gp19_pred.pdf, id=1431, 578.16pt x 433.62pt>
File: figures/gp19_pred.pdf Graphic file (type pdf)
<use figures/gp19_pred.pdf>
Package pdftex.def Info: figures/gp19_pred.pdf  used on input line 104.
(pdftex.def)             Requested size: 209.1301pt x 156.84413pt.
[53]
<figures/gp17_pred_ss.pdf, id=1440, 578.16pt x 433.62pt>
File: figures/gp17_pred_ss.pdf Graphic file (type pdf)
<use figures/gp17_pred_ss.pdf>
Package pdftex.def Info: figures/gp17_pred_ss.pdf  used on input line 120.
(pdftex.def)             Requested size: 209.1301pt x 156.84413pt.
<figures/gp18_pred_ss.pdf, id=1441, 578.16pt x 433.62pt>
File: figures/gp18_pred_ss.pdf Graphic file (type pdf)
<use figures/gp18_pred_ss.pdf>
Package pdftex.def Info: figures/gp18_pred_ss.pdf  used on input line 127.
(pdftex.def)             Requested size: 209.1301pt x 156.84413pt.
<figures/gp19_pred_ss.pdf, id=1442, 578.16pt x 433.62pt>
File: figures/gp19_pred_ss.pdf Graphic file (type pdf)
<use figures/gp19_pred_ss.pdf>
Package pdftex.def Info: figures/gp19_pred_ss.pdf  used on input line 133.
(pdftex.def)             Requested size: 209.1301pt x 156.84413pt.
 [54 <./figures/nn17_pred.pdf> <./figures/nn18_pred.pdf> <./figures/nn19_pred.p
df>] [55 <./figures/gp17_pred.pdf> <./figures/gp18_pred.pdf> <./figures/gp19_pr
ed.pdf>]
<figures/graph_tool.png, id=1668, 776.9025pt x 490.08093pt>
File: figures/graph_tool.png Graphic file (type png)
<use figures/graph_tool.png>
Package pdftex.def Info: figures/graph_tool.png  used on input line 152.
(pdftex.def)             Requested size: 362.77524pt x 228.84995pt.


LaTeX Warning: `h' float specifier changed to `ht'.

[56 <./figures/gp17_pred_ss.pdf> <./figures/gp18_pred_ss.pdf> <./figures/gp19_p
red_ss.pdf>]
<figures/graph_tool2.png, id=1779, 776.9025pt x 490.08093pt>
File: figures/graph_tool2.png Graphic file (type png)
<use figures/graph_tool2.png>
Package pdftex.def Info: figures/graph_tool2.png  used on input line 163.
(pdftex.def)             Requested size: 362.77524pt x 228.84995pt.
 [57 <./figures/graph_tool.png> <./figures/graph_tool2.png>]
<figures/graph_tool3.png, id=1789, 776.9025pt x 490.08093pt>
File: figures/graph_tool3.png Graphic file (type png)
<use figures/graph_tool3.png>
Package pdftex.def Info: figures/graph_tool3.png  used on input line 175.
(pdftex.def)             Requested size: 362.77524pt x 228.84995pt.
<figures/cui_compare1.pdf, id=1793, 462.52798pt x 346.89601pt>
File: figures/cui_compare1.pdf Graphic file (type pdf)
<use figures/cui_compare1.pdf>
Package pdftex.def Info: figures/cui_compare1.pdf  used on input line 199.
(pdftex.def)             Requested size: 405.45045pt x 304.10492pt.

[58 <./figures/graph_tool3.png>]
<figures/cui_compare2.pdf, id=1806, 462.52798pt x 346.89601pt>
File: figures/cui_compare2.pdf Graphic file (type pdf)
<use figures/cui_compare2.pdf>
Package pdftex.def Info: figures/cui_compare2.pdf  used on input line 213.
(pdftex.def)             Requested size: 405.45045pt x 304.10492pt.


LaTeX Warning: `h' float specifier changed to `ht'.

[59 <./figures/cui_compare1.pdf>] [60 <./figures/cui_compare2.pdf>]
<figures/improved-model.png, id=1879, 483.30562pt x 375.65344pt>
File: figures/improved-model.png Graphic file (type png)
<use figures/improved-model.png>
Package pdftex.def Info: figures/improved-model.png  used on input line 261.
(pdftex.def)             Requested size: 209.1301pt x 162.54811pt.
<figures/improved-model-ss.png, id=1880, 464.4853pt x 356.0803pt>
File: figures/improved-model-ss.png Graphic file (type png)
<use figures/improved-model-ss.png>
Package pdftex.def Info: figures/improved-model-ss.png  used on input line 268.

(pdftex.def)             Requested size: 209.1301pt x 160.32703pt.
 [61])
(conclusion.tex [62 <./figures/improved-model.png> <./figures/improved-model-ss
.png>] [63

]) [64]
LaTeX Font Info:    Trying to load font information for IL2+cmtt on input line 
247.

(C:\Users\samue\AppData\Local\Programs\MiKTeX\tex/cslatex/base\il2cmtt.fd
File: il2cmtt.fd 1997/08/20 CSLaTeX font definitions
)
Overfull \hbox (2.65717pt too wide) in paragraph at lines 248--248
[]\IL2/cmr/m/n/12 J. Daw-son, ``One-dimensional plasma model'', \IL2/cmr/m/it/1
2 Physics of Flu-ids\IL2/cmr/m/n/12 , vol. 5, pp. 445{
 []

[65


]
Overfull \hbox (40.91583pt too wide) in paragraph at lines 248--248
\IL2/cmr/m/it/12 Tech-no-met-rics\IL2/cmr/m/n/12 , vol. 47, pp. 297{311, 3 Aug.
 2005. \IL2/cmr/m/sc/12 doi\IL2/cmr/m/n/12 : []$\IL2/cmtt/m/n/12 10 . 1198 / 00
4017005000000058$[]\IL2/cmr/m/n/12 . 
 []

[66]
Overfull \hbox (8.51352pt too wide) in paragraph at lines 248--248
[]\IL2/cmr/m/n/12 H. Tak-abe, \IL2/cmr/m/it/12 The Physics of Laser Plas-mas an
d Ap-pli-ca-tions - Vol-ume 1\IL2/cmr/m/n/12 . Springer,
 []

LaTeX Font Info:    Trying to load font information for OMS+cmr on input line 2
47.
(C:\Users\samue\AppData\Local\Programs\MiKTeX\tex/latex/base\omscmr.fd
File: omscmr.fd 2022/07/10 v2.5l Standard LaTeX font definitions
)
LaTeX Font Info:    Font shape `OMS/cmr/m/it' in size <12> not available
(Font)              Font shape `OMS/cmsy/m/n' tried instead on input line 247.

[67] [68] (attachment1.tex
Appendix A.
[69

] [70]) (attachment2.tex [71]
Appendix B.
) [72

] (main.aux)
Package rerunfilecheck Info: File `main.out' has not changed.
(rerunfilecheck)             Checksum: BC263103FB3611D7C6BC968C7B39535F;5194.
Package logreq Info: Writing requests to 'main.run.xml'.
\openout1 = `main.run.xml'.

 ) 
Here is how much of TeX's memory you used:
 25295 strings out of 476339
 448665 string characters out of 5788119
 1876340 words of memory out of 5000000
 45031 multiletter control sequences out of 15000+600000
 539534 words of font info for 115 fonts, out of 8000000 for 9000
 1141 hyphenation exceptions out of 8191
 72i,17n,77p,2125b,2231s stack positions out of 10000i,1000n,20000p,200000b,200000s
 <C:\Users\samue\AppData\Local\MiKTeX\fonts/pk/ljfour/public/csfonts/dpi600\c
stt10.pk> <C:\Users\samue\AppData\Local\MiKTeX\fonts/pk/ljfour/public/csfonts/d
pi600\cstt12.pk> <C:\Users\samue\AppData\Local\MiKTeX\fonts/pk/ljfour/public/cs
fonts/dpi720\cscsc10.pk> <C:\Users\samue\AppData\Local\MiKTeX\fonts/pk/ljfour/p
ublic/csfonts/dpi657\csr10.pk>{C:/Users/samue/AppData/Local/Programs/MiKTeX/fon
ts/enc/dvips/cm-super/cm-super-ts1.enc} <C:\Users\samue\AppData\Local\MiKTeX\fo
nts/pk/ljfour/public/csfonts/dpi720\csbx12.pk> <C:\Users\samue\AppData\Local\Mi
KTeX\fonts/pk/ljfour/public/csfonts/dpi864\csbx12.pk> <C:\Users\samue\AppData\L
ocal\MiKTeX\fonts/pk/ljfour/public/csfonts/dpi600\csti12.pk> <C:\Users\samue\Ap
pData\Local\MiKTeX\fonts/pk/ljfour/public/csfonts/dpi600\csr12.pk> <C:\Users\sa
mue\AppData\Local\MiKTeX\fonts/pk/ljfour/public/csfonts/dpi720\csr12.pk> <C:\Us
ers\samue\AppData\Local\MiKTeX\fonts/pk/ljfour/public/csfonts/dpi600\csr17.pk> 
<C:\Users\samue\AppData\Local\MiKTeX\fonts/pk/ljfour/public/csfonts/dpi1244\csb
x12.pk> <C:\Users\samue\AppData\Local\MiKTeX\fonts/pk/ljfour/public/csfonts/dpi
600\csbx12.pk> <C:\Users\samue\AppData\Local\MiKTeX\fonts/pk/ljfour/public/csfo
nts/dpi1037\cscsc10.pk><C:/Users/samue/AppData/Local/Programs/MiKTeX/fonts/type
1/public/amsfonts/cm/cmbsy10.pfb><C:/Users/samue/AppData/Local/Programs/MiKTeX/
fonts/type1/public/amsfonts/cmextra/cmbsy8.pfb><C:/Users/samue/AppData/Local/Pr
ograms/MiKTeX/fonts/type1/public/amsfonts/cm/cmbx12.pfb><C:/Users/samue/AppData
/Local/Programs/MiKTeX/fonts/type1/public/amsfonts/cm/cmbx8.pfb><C:/Users/samue
/AppData/Local/Programs/MiKTeX/fonts/type1/public/amsfonts/cm/cmex10.pfb><C:/Us
ers/samue/AppData/Local/Programs/MiKTeX/fonts/type1/public/amsfonts/cm/cmmi10.p
fb><C:/Users/samue/AppData/Local/Programs/MiKTeX/fonts/type1/public/amsfonts/cm
/cmmi12.pfb><C:/Users/samue/AppData/Local/Programs/MiKTeX/fonts/type1/public/am
sfonts/cm/cmmi6.pfb><C:/Users/samue/AppData/Local/Programs/MiKTeX/fonts/type1/p
ublic/amsfonts/cm/cmmi7.pfb><C:/Users/samue/AppData/Local/Programs/MiKTeX/fonts
/type1/public/amsfonts/cm/cmmi8.pfb><C:/Users/samue/AppData/Local/Programs/MiKT
eX/fonts/type1/public/amsfonts/cm/cmmib10.pfb><C:/Users/samue/AppData/Local/Pro
grams/MiKTeX/fonts/type1/public/amsfonts/cmextra/cmmib8.pfb><C:/Users/samue/App
Data/Local/Programs/MiKTeX/fonts/type1/public/amsfonts/cm/cmr10.pfb><C:/Users/s
amue/AppData/Local/Programs/MiKTeX/fonts/type1/public/amsfonts/cm/cmr12.pfb><C:
/Users/samue/AppData/Local/Programs/MiKTeX/fonts/type1/public/amsfonts/cm/cmr6.
pfb><C:/Users/samue/AppData/Local/Programs/MiKTeX/fonts/type1/public/amsfonts/c
m/cmr7.pfb><C:/Users/samue/AppData/Local/Programs/MiKTeX/fonts/type1/public/ams
fonts/cm/cmr8.pfb><C:/Users/samue/AppData/Local/Programs/MiKTeX/fonts/type1/pub
lic/amsfonts/cm/cmsy10.pfb><C:/Users/samue/AppData/Local/Programs/MiKTeX/fonts/
type1/public/amsfonts/cm/cmsy6.pfb><C:/Users/samue/AppData/Local/Programs/MiKTe
X/fonts/type1/public/amsfonts/cm/cmsy7.pfb><C:/Users/samue/AppData/Local/Progra
ms/MiKTeX/fonts/type1/public/amsfonts/cm/cmsy8.pfb><C:/Users/samue/AppData/Loca
l/Programs/MiKTeX/fonts/type1/public/amsfonts/symbols/msbm10.pfb><C:/Users/samu
e/AppData/Local/Programs/MiKTeX/fonts/type1/public/cm-super/sfrm1000.pfb><C:/Us
ers/samue/AppData/Local/Programs/MiKTeX/fonts/type1/public/cm-super/sfrm1200.pf
b>
Output written on main.pdf (72 pages, 3006614 bytes).
PDF statistics:
 2733 PDF objects out of 2984 (max. 8388607)
 287 named destinations out of 1000 (max. 500000)
 464 words of extra memory for PDF output out of 10000 (max. 10000000)

